#
# A fatal error has been detected by the Java Runtime Environment:
#
#  SIGILL (0x4) at pc=0x00007f47a1591190, pid=60005, tid=60007
#
# JRE version: OpenJDK Runtime Environment (23.0+37) (build 23+37-2369)
# Java VM: OpenJDK 64-Bit Server VM (23+37-2369, mixed mode, sharing, tiered, compressed oops, compressed class ptrs, g1 gc, linux-amd64)
# Problematic frame:
# C  [libcheckers.so+0x1190]  Java_main_Main_getTable+0x50
#
# Core dump will be written. Default location: Core dumps may be processed with "/nix/store/v5vc75jvkx06rz1dblj9k3l44jxk9lh5-systemd/lib/systemd/systemd-coredump %P %u %g %s %t %c %h" (or dumping to /home/levizor/Projects/JNICheckers/java/core.60005)
#
# If you would like to submit a bug report, please visit:
#   https://bugreport.java.com/bugreport/crash.jsp
# The crash happened outside the Java Virtual Machine in native code.
# See problematic frame for where to report the bug.
#

---------------  S U M M A R Y ------------

Command Line: -Djava.library.path=lib/checkers/cmake-build-debug -javaagent:/home/levizor/.local/share/JetBrains/Toolbox/apps/intellij-idea-ultimate/lib/idea_rt.jar=39769:/home/levizor/.local/share/JetBrains/Toolbox/apps/intellij-idea-ultimate/bin -Dfile.encoding=UTF-8 -Dsun.stdout.encoding=UTF-8 -Dsun.stderr.encoding=UTF-8 main.Main

Host: Intel(R) Core(TM) i3-10110U CPU @ 2.10GHz, 4 cores, 7G, NixOS 24.11 (Vicuna)
Time: Mon Oct 21 15:20:25 2024 CEST elapsed time: 0.174211 seconds (0d 0h 0m 0s)

---------------  T H R E A D  ---------------

Current thread (0x00007f479802bbd0):  JavaThread "main"             [_thread_in_native, id=60007, stack(0x00007f479fc1a000,0x00007f479fd1a000) (1024K)]

Stack: [0x00007f479fc1a000,0x00007f479fd1a000],  sp=0x00007f479fd188b0,  free space=1018k
Native frames: (J=compiled Java code, j=interpreted, Vv=VM code, C=native code)
C  [libcheckers.so+0x1190]  Java_main_Main_getTable+0x50
j  main.Main.getTable()[[I+0
j  main.Main.main([Ljava/lang/String;)V+0
v  ~StubRoutines::call_stub 0x00007f4787d37c86
V  [libjvm.so+0x8cfb1b]  JavaCalls::call_helper(JavaValue*, methodHandle const&, JavaCallArguments*, JavaThread*)+0x2db
V  [libjvm.so+0x98199e]  jni_invoke_static(JNIEnv_*, JavaValue*, _jobject*, JNICallType, _jmethodID*, JNI_ArgumentPusher*, JavaThread*) [clone .constprop.1]+0x36e
V  [libjvm.so+0x984268]  jni_CallStaticVoidMethod+0x128
C  [libjli.so+0x3947]  invokeStaticMainWithArgs+0x57
C  [libjli.so+0x537a]  JavaMain+0xe8a
C  [libjli.so+0x7f99]  ThreadJavaMain+0x9
Java frames: (J=compiled Java code, j=interpreted, Vv=VM code)
j  main.Main.getTable()[[I+0
j  main.Main.main([Ljava/lang/String;)V+0
v  ~StubRoutines::call_stub 0x00007f4787d37c86

siginfo: si_signo: 4 (SIGILL), si_code: 2 (ILL_ILLOPN), si_addr: 0x00007f47a1591190

Registers:
RAX=0x00007f4787d43d4d, RBX=0x00007f471e407aa0, RCX=0x000000008e0c5710, RDX=0x00007f479802c7b8
RSP=0x00007f479fd188b0, RBP=0x00007f479fd188e0, RSI=0x0000000200000001, RDI=0x00007f479802bf70
R8 =0x0000000000000002, R9 =0x00007f471e407aa0, R10=0x0000000000000000, R11=0x00007f47a15911d0
R12=0x0000000000000000, R13=0x00007f471e407aa0, R14=0x00007f479fd18958, R15=0x00007f479802bbd0
RIP=0x00007f47a1591190, EFLAGS=0x0000000000010206, CSGSFS=0x002b000000000033, ERR=0x0000000000000000
  TRAPNO=0x0000000000000006


Register to memory mapping:

RAX=0x00007f4787d43d4d is at code_begin+1005 in an Interpreter codelet
native method entry point (kind = native)  [0x00007f4787d43960, 0x00007f4787d44400]  2720 bytes
RBX={method} {0x00007f471e407aa0} 'getTable' '()[[I' in 'main/Main'
RCX=
[error occurred during error reporting (printing register info), id 0xb, SIGSEGV (0xb) at pc=0x00007f47a059438b]
RDX=0x00007f479802c7b8 points into unknown readable memory: 0x0000000000000105 | 05 01 00 00 00 00 00 00
RSP=0x00007f479fd188b0 is pointing into the stack for thread: 0x00007f479802bbd0
RBP=0x00007f479fd188e0 is pointing into the stack for thread: 0x00007f479802bbd0
RSI=0x0000000200000001 is an unknown value
RDI=0x00007f479802bf70 points into unknown readable memory: 0x00007f479fd188f0 | f0 88 d1 9f 47 7f 00 00
R8 =0x0000000000000002 is an unknown value
R9 ={method} {0x00007f471e407aa0} 'getTable' '()[[I' in 'main/Main'
R10=0x0 is null
R11=0x00007f47a15911d0: _ZN7JNIEnv_17SetIntArrayRegionEP10_jintArrayiiPKi+0x0000000000000000 in /home/levizor/Projects/JNICheckers/java/lib/checkers/cmake-build-debug/libcheckers.so at 0x00007f47a1590000
R12=0x0 is null
R13={method} {0x00007f471e407aa0} 'getTable' '()[[I' in 'main/Main'
R14=0x00007f479fd18958 is pointing into the stack for thread: 0x00007f479802bbd0
R15=0x00007f479802bbd0 is a thread

Top of Stack: (sp=0x00007f479fd188b0)
0x00007f479fd188b0:   00007f479fd188e0 00007f479813cc80
0x00007f479fd188c0:   0000000200000001 0000000400000003
0x00007f479fd188d0:   00007f479fd18950 00007f479802bf90
0x00007f479fd188e0:   00007f479fd18940 00007f4787d43d7c
0x00007f479fd188f0:   00007f4787d43a1b fffffffffffffff7
0x00007f479fd18900:   00007f471e407aa0 0000000000000003
0x00007f479fd18910:   00007f471e407e38 0000000000000000
0x00007f479fd18920:   000000008e0c49f8 00007f471e407aa0
0x00007f479fd18930:   0000000000000000 00007f479fd18960
0x00007f479fd18940:   00007f479fd189a8 00007f4787d3f1ba
0x00007f479fd18950:   000000008e0c49f8 00007f4787d411fa
0x00007f479fd18960:   fffffffffffffff7 00007f471e407be0
0x00007f479fd18970:   0000000000000004 00007f471e407e38
0x00007f479fd18980:   0000000000000000 000000008e0c49f8
0x00007f479fd18990:   00007f471e407c38 fffffffffffffff7
0x00007f479fd189a0:   00007f479fd189c8 00007f479fd18a30
0x00007f479fd189b0:   00007f4787d37c86 0000000000000000
0x00007f479fd189c0:   0000000000000000 000000008e0c4df8
0x00007f479fd189d0:   00007f4700001fa2 00007f479fd18b50
0x00007f479fd189e0:   000000000000000e 00007f479fd18ca8
0x00007f479fd189f0:   00007f479fd18bc0 00007f479802bbd0
0x00007f479fd18a00:   00007f479fd18ac0 00007f479fd18ca8
0x00007f479fd18a10:   00007f470000000a 00007f471e407c38
0x00007f479fd18a20:   00007f4787d429a0 00007f479fd18bc8
0x00007f479fd18a30:   00007f479fd18b30 00007f47a06cfb1b
0x00007f479fd18a40:   0000000000000001 00007f479802bbd0
0x00007f479fd18a50:   0000000000000009 00007f47a0aba380
0x00007f479fd18a60:   00007f479fd18ac0 0a00000000000040
0x00007f479fd18a70:   00007f4787d429a0 00007f479fd18a80
0x00007f479fd18a80:   00007f479802bbd0 00007f479801a080
0x00007f479fd18a90:   00007f479802c6d0 00007f479802c6e0
0x00007f479fd18aa0:   00007f479802c7b8 00000000000000d8 

Instructions: (pc=0x00007f47a1591190)
0x00007f47a1591090:   48 8d 3d 81 2f 00 00 48 8d 35 7a 2f 00 00 48 29
0x00007f47a15910a0:   fe 48 89 f0 48 c1 ee 3f 48 c1 f8 03 48 01 c6 48
0x00007f47a15910b0:   d1 fe 74 14 48 8b 05 25 2f 00 00 48 85 c0 74 08
0x00007f47a15910c0:   ff e0 66 0f 1f 44 00 00 c3 0f 1f 80 00 00 00 00
0x00007f47a15910d0:   f3 0f 1e fa 80 3d 3d 2f 00 00 00 75 2b 55 48 83
0x00007f47a15910e0:   3d e2 2e 00 00 00 48 89 e5 74 0c 48 8b 3d 1e 2f
0x00007f47a15910f0:   00 00 e8 59 ff ff ff e8 64 ff ff ff c6 05 15 2f
0x00007f47a1591100:   00 00 01 5d c3 0f 1f 00 c3 0f 1f 80 00 00 00 00
0x00007f47a1591110:   f3 0f 1e fa e9 77 ff ff ff 0f 1f 80 00 00 00 00
0x00007f47a1591120:   55 48 89 e5 48 89 7d f8 48 89 75 f0 48 89 55 e8
0x00007f47a1591130:   0f 0b 66 66 66 66 66 2e 0f 1f 84 00 00 00 00 00
0x00007f47a1591140:   55 48 89 e5 48 83 ec 30 48 89 7d f8 48 89 75 f0
0x00007f47a1591150:   48 8b 05 a9 0e 00 00 48 89 45 e0 48 8b 05 a6 0e
0x00007f47a1591160:   00 00 48 89 45 e8 48 8b 7d f8 be 02 00 00 00 e8
0x00007f47a1591170:   bc fe ff ff 48 89 45 d8 48 8b 7d f8 48 8b 75 d8
0x00007f47a1591180:   4c 8d 45 e0 31 d2 b9 02 00 00 00 e8 b0 fe ff ff
0x00007f47a1591190:   0f 0b 66 2e 0f 1f 84 00 00 00 00 00 0f 1f 40 00
0x00007f47a15911a0:   55 48 89 e5 48 83 ec 10 48 89 7d f8 89 75 f4 48
0x00007f47a15911b0:   8b 7d f8 48 8b 07 48 8b 80 98 05 00 00 8b 75 f4
0x00007f47a15911c0:   ff d0 48 83 c4 10 5d c3 0f 1f 84 00 00 00 00 00
0x00007f47a15911d0:   55 48 89 e5 48 83 ec 20 48 89 7d f8 48 89 75 f0
0x00007f47a15911e0:   89 55 ec 89 4d e8 4c 89 45 e0 48 8b 7d f8 48 8b
0x00007f47a15911f0:   07 48 8b 80 98 06 00 00 48 8b 75 f0 8b 55 ec 8b
0x00007f47a1591200:   4d e8 4c 8b 45 e0 ff d0 48 83 c4 20 5d c3 00 00
0x00007f47a1591210:   f3 0f 1e fa 48 83 ec 08 48 83 c4 08 c3 00 00 00
0x00007f47a1591220:   00 00 00 00 00 00 00 00 00 00 00 00 00 00 00 00
0x00007f47a1591230:   00 00 00 00 00 00 00 00 00 00 00 00 00 00 00 00
0x00007f47a1591240:   00 00 00 00 00 00 00 00 00 00 00 00 00 00 00 00
0x00007f47a1591250:   00 00 00 00 00 00 00 00 00 00 00 00 00 00 00 00
0x00007f47a1591260:   00 00 00 00 00 00 00 00 00 00 00 00 00 00 00 00
0x00007f47a1591270:   00 00 00 00 00 00 00 00 00 00 00 00 00 00 00 00
0x00007f47a1591280:   00 00 00 00 00 00 00 00 00 00 00 00 00 00 00 00 


Stack slot to memory mapping:

stack at sp + 0 slots: 0x00007f479fd188e0 is pointing into the stack for thread: 0x00007f479802bbd0
stack at sp + 1 slots: 0x00007f479813cc80 points into unknown readable memory: 0x000000008e0c5700 | 00 57 0c 8e 00 00 00 00
stack at sp + 2 slots: 0x0000000200000001 is an unknown value
stack at sp + 3 slots: 0x0000000400000003 is an unknown value
stack at sp + 4 slots: 0x00007f479fd18950 is pointing into the stack for thread: 0x00007f479802bbd0
stack at sp + 5 slots: 0x00007f479802bf90 points into unknown readable memory: 0x00007f47a1206e00 | 00 6e 20 a1 47 7f 00 00
stack at sp + 6 slots: 0x00007f479fd18940 is pointing into the stack for thread: 0x00007f479802bbd0
stack at sp + 7 slots: 0x00007f4787d43d7c is at code_begin+1052 in an Interpreter codelet
native method entry point (kind = native)  [0x00007f4787d43960, 0x00007f4787d44400]  2720 bytes

Lock stack of current Java thread (top to bottom):


---------------  P R O C E S S  ---------------

Threads class SMR info:
_java_thread_list=0x00007f4708002080, length=12, elements={
0x00007f479802bbd0, 0x00007f4798144c30, 0x00007f47981461a0, 0x00007f47981479b0,
0x00007f4798148ff0, 0x00007f479814a590, 0x00007f479814c0b0, 0x00007f479814d7c0,
0x00007f479816e8d0, 0x00007f47981eeaa0, 0x00007f47981efb20, 0x00007f4708000f50
}

Java Threads: ( => current thread )
=>0x00007f479802bbd0 JavaThread "main"                              [_thread_in_native, id=60007, stack(0x00007f479fc1a000,0x00007f479fd1a000) (1024K)]
  0x00007f4798144c30 JavaThread "Reference Handler"          daemon [_thread_blocked, id=60023, stack(0x00007f479c320000,0x00007f479c420000) (1024K)]
  0x00007f47981461a0 JavaThread "Finalizer"                  daemon [_thread_blocked, id=60024, stack(0x00007f479c220000,0x00007f479c320000) (1024K)]
  0x00007f47981479b0 JavaThread "Signal Dispatcher"          daemon [_thread_blocked, id=60025, stack(0x00007f479c120000,0x00007f479c220000) (1024K)]
  0x00007f4798148ff0 JavaThread "Service Thread"             daemon [_thread_blocked, id=60026, stack(0x00007f479c020000,0x00007f479c120000) (1024K)]
  0x00007f479814a590 JavaThread "Monitor Deflation Thread"   daemon [_thread_blocked, id=60027, stack(0x00007f4780700000,0x00007f4780800000) (1024K)]
  0x00007f479814c0b0 JavaThread "C2 CompilerThread0"         daemon [_thread_blocked, id=60028, stack(0x00007f4780300000,0x00007f4780400000) (1024K)]
  0x00007f479814d7c0 JavaThread "C1 CompilerThread0"         daemon [_thread_blocked, id=60029, stack(0x00007f4780200000,0x00007f4780300000) (1024K)]
  0x00007f479816e8d0 JavaThread "Common-Cleaner"             daemon [_thread_blocked, id=60032, stack(0x00007f4780030000,0x00007f4780130000) (1024K)]
  0x00007f47981eeaa0 JavaThread "Monitor Ctrl-Break"         daemon [_thread_in_Java, id=60033, stack(0x00007f4771f00000,0x00007f4772000000) (1024K)]
  0x00007f47981efb20 JavaThread "Notification Thread"        daemon [_thread_blocked, id=60034, stack(0x00007f4771e00000,0x00007f4771f00000) (1024K)]
  0x00007f4708000f50 JavaThread "Attach Listener"            daemon [_thread_blocked, id=60035, stack(0x00007f4771638000,0x00007f4771738000) (1024K)]
Total: 12

Other Threads:
  0x00007f479813b710 VMThread "VM Thread"                           [id=60021, stack(0x00007f479c421000,0x00007f479c521000) (1024K)]
  0x00007f4798129ad0 WatcherThread "VM Periodic Task Thread"        [id=60014, stack(0x00007f479c522000,0x00007f479c622000) (1024K)]
  0x00007f47980813c0 WorkerThread "GC Thread#0"                     [id=60008, stack(0x00007f479cf48000,0x00007f479d048000) (1024K)]
  0x00007f47980959e0 ConcurrentGCThread "G1 Main Marker"            [id=60009, stack(0x00007f479ce47000,0x00007f479cf47000) (1024K)]
  0x00007f4798096980 WorkerThread "G1 Conc#0"                       [id=60010, stack(0x00007f479cd46000,0x00007f479ce46000) (1024K)]
  0x00007f47981165c0 ConcurrentGCThread "G1 Refine#0"               [id=60011, stack(0x00007f479c841000,0x00007f479c941000) (1024K)]
  0x00007f4798117580 ConcurrentGCThread "G1 Service"                [id=60013, stack(0x00007f479c740000,0x00007f479c840000) (1024K)]
Total: 7

Threads with active compile tasks:
Total: 0

VM state: not at safepoint (normal execution)

VM Mutex/Monitor currently owned by a thread: None

Heap address: 0x0000000086800000, size: 1944 MB, Compressed Oops mode: 32-bit

CDS archive(s) mapped at: [0x00007f4722000000-0x00007f4722d8e000-0x00007f4722d8e000), size 14213120, SharedBaseAddress: 0x00007f4722000000, ArchiveRelocationMode: 1.
Compressed class space mapped at: 0x00007f4723000000-0x00007f4763000000, reserved size: 1073741824
Narrow klass base: 0x00007f4722000000, Narrow klass shift: 0, Narrow klass range: 0x100000000

GC Precious Log:
 CardTable entry size: 512
 Card Set container configuration: InlinePtr #cards 5 size 8 Array Of Cards #cards 10 size 36 Howl #buckets 4 coarsen threshold 1843 Howl Bitmap #cards 512 size 80 coarsen threshold 460 Card regions per heap region 1 cards per card region 2048
 CPUs: 4 total, 4 available
 Memory: 7769M
 Large Page Support: Disabled
 NUMA Support: Disabled
 Compressed Oops: Enabled (32-bit)
 Heap Region Size: 1M
 Heap Min Capacity: 8M
 Heap Initial Capacity: 122M
 Heap Max Capacity: 1944M
 Pre-touch: Disabled
 Parallel Workers: 4
 Concurrent Workers: 1
 Concurrent Refinement Workers: 4
 Periodic GC: Disabled

Heap:
 garbage-first heap   total reserved 1990656K, committed 126976K, used 3193K [0x0000000086800000, 0x0000000100000000)
  region size 1024K, 3 young (3072K), 0 survivors (0K)
 Metaspace       used 427K, committed 576K, reserved 1114112K
  class space    used 25K, committed 128K, reserved 1048576K

Heap Regions: E=young(eden), S=young(survivor), O=old, HS=humongous(starts), HC=humongous(continues), CS=collection set, F=free, TAMS=top-at-mark-start, PB=parsable bottom
|   0|0x0000000086800000, 0x0000000086800000, 0x0000000086900000|  0%| F|  |TAMS 0x0000000086800000| PB 0x0000000086800000| Untracked |  0
|   1|0x0000000086900000, 0x0000000086900000, 0x0000000086a00000|  0%| F|  |TAMS 0x0000000086900000| PB 0x0000000086900000| Untracked |  0
|   2|0x0000000086a00000, 0x0000000086a00000, 0x0000000086b00000|  0%| F|  |TAMS 0x0000000086a00000| PB 0x0000000086a00000| Untracked |  0
|   3|0x0000000086b00000, 0x0000000086b00000, 0x0000000086c00000|  0%| F|  |TAMS 0x0000000086b00000| PB 0x0000000086b00000| Untracked |  0
|   4|0x0000000086c00000, 0x0000000086c00000, 0x0000000086d00000|  0%| F|  |TAMS 0x0000000086c00000| PB 0x0000000086c00000| Untracked |  0
|   5|0x0000000086d00000, 0x0000000086d00000, 0x0000000086e00000|  0%| F|  |TAMS 0x0000000086d00000| PB 0x0000000086d00000| Untracked |  0
|   6|0x0000000086e00000, 0x0000000086e00000, 0x0000000086f00000|  0%| F|  |TAMS 0x0000000086e00000| PB 0x0000000086e00000| Untracked |  0
|   7|0x0000000086f00000, 0x0000000086f00000, 0x0000000087000000|  0%| F|  |TAMS 0x0000000086f00000| PB 0x0000000086f00000| Untracked |  0
|   8|0x0000000087000000, 0x0000000087000000, 0x0000000087100000|  0%| F|  |TAMS 0x0000000087000000| PB 0x0000000087000000| Untracked |  0
|   9|0x0000000087100000, 0x0000000087100000, 0x0000000087200000|  0%| F|  |TAMS 0x0000000087100000| PB 0x0000000087100000| Untracked |  0
|  10|0x0000000087200000, 0x0000000087200000, 0x0000000087300000|  0%| F|  |TAMS 0x0000000087200000| PB 0x0000000087200000| Untracked |  0
|  11|0x0000000087300000, 0x0000000087300000, 0x0000000087400000|  0%| F|  |TAMS 0x0000000087300000| PB 0x0000000087300000| Untracked |  0
|  12|0x0000000087400000, 0x0000000087400000, 0x0000000087500000|  0%| F|  |TAMS 0x0000000087400000| PB 0x0000000087400000| Untracked |  0
|  13|0x0000000087500000, 0x0000000087500000, 0x0000000087600000|  0%| F|  |TAMS 0x0000000087500000| PB 0x0000000087500000| Untracked |  0
|  14|0x0000000087600000, 0x0000000087600000, 0x0000000087700000|  0%| F|  |TAMS 0x0000000087600000| PB 0x0000000087600000| Untracked |  0
|  15|0x0000000087700000, 0x0000000087700000, 0x0000000087800000|  0%| F|  |TAMS 0x0000000087700000| PB 0x0000000087700000| Untracked |  0
|  16|0x0000000087800000, 0x0000000087800000, 0x0000000087900000|  0%| F|  |TAMS 0x0000000087800000| PB 0x0000000087800000| Untracked |  0
|  17|0x0000000087900000, 0x0000000087900000, 0x0000000087a00000|  0%| F|  |TAMS 0x0000000087900000| PB 0x0000000087900000| Untracked |  0
|  18|0x0000000087a00000, 0x0000000087a00000, 0x0000000087b00000|  0%| F|  |TAMS 0x0000000087a00000| PB 0x0000000087a00000| Untracked |  0
|  19|0x0000000087b00000, 0x0000000087b00000, 0x0000000087c00000|  0%| F|  |TAMS 0x0000000087b00000| PB 0x0000000087b00000| Untracked |  0
|  20|0x0000000087c00000, 0x0000000087c00000, 0x0000000087d00000|  0%| F|  |TAMS 0x0000000087c00000| PB 0x0000000087c00000| Untracked |  0
|  21|0x0000000087d00000, 0x0000000087d00000, 0x0000000087e00000|  0%| F|  |TAMS 0x0000000087d00000| PB 0x0000000087d00000| Untracked |  0
|  22|0x0000000087e00000, 0x0000000087e00000, 0x0000000087f00000|  0%| F|  |TAMS 0x0000000087e00000| PB 0x0000000087e00000| Untracked |  0
|  23|0x0000000087f00000, 0x0000000087f00000, 0x0000000088000000|  0%| F|  |TAMS 0x0000000087f00000| PB 0x0000000087f00000| Untracked |  0
|  24|0x0000000088000000, 0x0000000088000000, 0x0000000088100000|  0%| F|  |TAMS 0x0000000088000000| PB 0x0000000088000000| Untracked |  0
|  25|0x0000000088100000, 0x0000000088100000, 0x0000000088200000|  0%| F|  |TAMS 0x0000000088100000| PB 0x0000000088100000| Untracked |  0
|  26|0x0000000088200000, 0x0000000088200000, 0x0000000088300000|  0%| F|  |TAMS 0x0000000088200000| PB 0x0000000088200000| Untracked |  0
|  27|0x0000000088300000, 0x0000000088300000, 0x0000000088400000|  0%| F|  |TAMS 0x0000000088300000| PB 0x0000000088300000| Untracked |  0
|  28|0x0000000088400000, 0x0000000088400000, 0x0000000088500000|  0%| F|  |TAMS 0x0000000088400000| PB 0x0000000088400000| Untracked |  0
|  29|0x0000000088500000, 0x0000000088500000, 0x0000000088600000|  0%| F|  |TAMS 0x0000000088500000| PB 0x0000000088500000| Untracked |  0
|  30|0x0000000088600000, 0x0000000088600000, 0x0000000088700000|  0%| F|  |TAMS 0x0000000088600000| PB 0x0000000088600000| Untracked |  0
|  31|0x0000000088700000, 0x0000000088700000, 0x0000000088800000|  0%| F|  |TAMS 0x0000000088700000| PB 0x0000000088700000| Untracked |  0
|  32|0x0000000088800000, 0x0000000088800000, 0x0000000088900000|  0%| F|  |TAMS 0x0000000088800000| PB 0x0000000088800000| Untracked |  0
|  33|0x0000000088900000, 0x0000000088900000, 0x0000000088a00000|  0%| F|  |TAMS 0x0000000088900000| PB 0x0000000088900000| Untracked |  0
|  34|0x0000000088a00000, 0x0000000088a00000, 0x0000000088b00000|  0%| F|  |TAMS 0x0000000088a00000| PB 0x0000000088a00000| Untracked |  0
|  35|0x0000000088b00000, 0x0000000088b00000, 0x0000000088c00000|  0%| F|  |TAMS 0x0000000088b00000| PB 0x0000000088b00000| Untracked |  0
|  36|0x0000000088c00000, 0x0000000088c00000, 0x0000000088d00000|  0%| F|  |TAMS 0x0000000088c00000| PB 0x0000000088c00000| Untracked |  0
|  37|0x0000000088d00000, 0x0000000088d00000, 0x0000000088e00000|  0%| F|  |TAMS 0x0000000088d00000| PB 0x0000000088d00000| Untracked |  0
|  38|0x0000000088e00000, 0x0000000088e00000, 0x0000000088f00000|  0%| F|  |TAMS 0x0000000088e00000| PB 0x0000000088e00000| Untracked |  0
|  39|0x0000000088f00000, 0x0000000088f00000, 0x0000000089000000|  0%| F|  |TAMS 0x0000000088f00000| PB 0x0000000088f00000| Untracked |  0
|  40|0x0000000089000000, 0x0000000089000000, 0x0000000089100000|  0%| F|  |TAMS 0x0000000089000000| PB 0x0000000089000000| Untracked |  0
|  41|0x0000000089100000, 0x0000000089100000, 0x0000000089200000|  0%| F|  |TAMS 0x0000000089100000| PB 0x0000000089100000| Untracked |  0
|  42|0x0000000089200000, 0x0000000089200000, 0x0000000089300000|  0%| F|  |TAMS 0x0000000089200000| PB 0x0000000089200000| Untracked |  0
|  43|0x0000000089300000, 0x0000000089300000, 0x0000000089400000|  0%| F|  |TAMS 0x0000000089300000| PB 0x0000000089300000| Untracked |  0
|  44|0x0000000089400000, 0x0000000089400000, 0x0000000089500000|  0%| F|  |TAMS 0x0000000089400000| PB 0x0000000089400000| Untracked |  0
|  45|0x0000000089500000, 0x0000000089500000, 0x0000000089600000|  0%| F|  |TAMS 0x0000000089500000| PB 0x0000000089500000| Untracked |  0
|  46|0x0000000089600000, 0x0000000089600000, 0x0000000089700000|  0%| F|  |TAMS 0x0000000089600000| PB 0x0000000089600000| Untracked |  0
|  47|0x0000000089700000, 0x0000000089700000, 0x0000000089800000|  0%| F|  |TAMS 0x0000000089700000| PB 0x0000000089700000| Untracked |  0
|  48|0x0000000089800000, 0x0000000089800000, 0x0000000089900000|  0%| F|  |TAMS 0x0000000089800000| PB 0x0000000089800000| Untracked |  0
|  49|0x0000000089900000, 0x0000000089900000, 0x0000000089a00000|  0%| F|  |TAMS 0x0000000089900000| PB 0x0000000089900000| Untracked |  0
|  50|0x0000000089a00000, 0x0000000089a00000, 0x0000000089b00000|  0%| F|  |TAMS 0x0000000089a00000| PB 0x0000000089a00000| Untracked |  0
|  51|0x0000000089b00000, 0x0000000089b00000, 0x0000000089c00000|  0%| F|  |TAMS 0x0000000089b00000| PB 0x0000000089b00000| Untracked |  0
|  52|0x0000000089c00000, 0x0000000089c00000, 0x0000000089d00000|  0%| F|  |TAMS 0x0000000089c00000| PB 0x0000000089c00000| Untracked |  0
|  53|0x0000000089d00000, 0x0000000089d00000, 0x0000000089e00000|  0%| F|  |TAMS 0x0000000089d00000| PB 0x0000000089d00000| Untracked |  0
|  54|0x0000000089e00000, 0x0000000089e00000, 0x0000000089f00000|  0%| F|  |TAMS 0x0000000089e00000| PB 0x0000000089e00000| Untracked |  0
|  55|0x0000000089f00000, 0x0000000089f00000, 0x000000008a000000|  0%| F|  |TAMS 0x0000000089f00000| PB 0x0000000089f00000| Untracked |  0
|  56|0x000000008a000000, 0x000000008a000000, 0x000000008a100000|  0%| F|  |TAMS 0x000000008a000000| PB 0x000000008a000000| Untracked |  0
|  57|0x000000008a100000, 0x000000008a100000, 0x000000008a200000|  0%| F|  |TAMS 0x000000008a100000| PB 0x000000008a100000| Untracked |  0
|  58|0x000000008a200000, 0x000000008a200000, 0x000000008a300000|  0%| F|  |TAMS 0x000000008a200000| PB 0x000000008a200000| Untracked |  0
|  59|0x000000008a300000, 0x000000008a300000, 0x000000008a400000|  0%| F|  |TAMS 0x000000008a300000| PB 0x000000008a300000| Untracked |  0
|  60|0x000000008a400000, 0x000000008a400000, 0x000000008a500000|  0%| F|  |TAMS 0x000000008a400000| PB 0x000000008a400000| Untracked |  0
|  61|0x000000008a500000, 0x000000008a500000, 0x000000008a600000|  0%| F|  |TAMS 0x000000008a500000| PB 0x000000008a500000| Untracked |  0
|  62|0x000000008a600000, 0x000000008a600000, 0x000000008a700000|  0%| F|  |TAMS 0x000000008a600000| PB 0x000000008a600000| Untracked |  0
|  63|0x000000008a700000, 0x000000008a700000, 0x000000008a800000|  0%| F|  |TAMS 0x000000008a700000| PB 0x000000008a700000| Untracked |  0
|  64|0x000000008a800000, 0x000000008a800000, 0x000000008a900000|  0%| F|  |TAMS 0x000000008a800000| PB 0x000000008a800000| Untracked |  0
|  65|0x000000008a900000, 0x000000008a900000, 0x000000008aa00000|  0%| F|  |TAMS 0x000000008a900000| PB 0x000000008a900000| Untracked |  0
|  66|0x000000008aa00000, 0x000000008aa00000, 0x000000008ab00000|  0%| F|  |TAMS 0x000000008aa00000| PB 0x000000008aa00000| Untracked |  0
|  67|0x000000008ab00000, 0x000000008ab00000, 0x000000008ac00000|  0%| F|  |TAMS 0x000000008ab00000| PB 0x000000008ab00000| Untracked |  0
|  68|0x000000008ac00000, 0x000000008ac00000, 0x000000008ad00000|  0%| F|  |TAMS 0x000000008ac00000| PB 0x000000008ac00000| Untracked |  0
|  69|0x000000008ad00000, 0x000000008ad00000, 0x000000008ae00000|  0%| F|  |TAMS 0x000000008ad00000| PB 0x000000008ad00000| Untracked |  0
|  70|0x000000008ae00000, 0x000000008ae00000, 0x000000008af00000|  0%| F|  |TAMS 0x000000008ae00000| PB 0x000000008ae00000| Untracked |  0
|  71|0x000000008af00000, 0x000000008af00000, 0x000000008b000000|  0%| F|  |TAMS 0x000000008af00000| PB 0x000000008af00000| Untracked |  0
|  72|0x000000008b000000, 0x000000008b000000, 0x000000008b100000|  0%| F|  |TAMS 0x000000008b000000| PB 0x000000008b000000| Untracked |  0
|  73|0x000000008b100000, 0x000000008b100000, 0x000000008b200000|  0%| F|  |TAMS 0x000000008b100000| PB 0x000000008b100000| Untracked |  0
|  74|0x000000008b200000, 0x000000008b200000, 0x000000008b300000|  0%| F|  |TAMS 0x000000008b200000| PB 0x000000008b200000| Untracked |  0
|  75|0x000000008b300000, 0x000000008b300000, 0x000000008b400000|  0%| F|  |TAMS 0x000000008b300000| PB 0x000000008b300000| Untracked |  0
|  76|0x000000008b400000, 0x000000008b400000, 0x000000008b500000|  0%| F|  |TAMS 0x000000008b400000| PB 0x000000008b400000| Untracked |  0
|  77|0x000000008b500000, 0x000000008b500000, 0x000000008b600000|  0%| F|  |TAMS 0x000000008b500000| PB 0x000000008b500000| Untracked |  0
|  78|0x000000008b600000, 0x000000008b600000, 0x000000008b700000|  0%| F|  |TAMS 0x000000008b600000| PB 0x000000008b600000| Untracked |  0
|  79|0x000000008b700000, 0x000000008b700000, 0x000000008b800000|  0%| F|  |TAMS 0x000000008b700000| PB 0x000000008b700000| Untracked |  0
|  80|0x000000008b800000, 0x000000008b800000, 0x000000008b900000|  0%| F|  |TAMS 0x000000008b800000| PB 0x000000008b800000| Untracked |  0
|  81|0x000000008b900000, 0x000000008b900000, 0x000000008ba00000|  0%| F|  |TAMS 0x000000008b900000| PB 0x000000008b900000| Untracked |  0
|  82|0x000000008ba00000, 0x000000008ba00000, 0x000000008bb00000|  0%| F|  |TAMS 0x000000008ba00000| PB 0x000000008ba00000| Untracked |  0
|  83|0x000000008bb00000, 0x000000008bb00000, 0x000000008bc00000|  0%| F|  |TAMS 0x000000008bb00000| PB 0x000000008bb00000| Untracked |  0
|  84|0x000000008bc00000, 0x000000008bc00000, 0x000000008bd00000|  0%| F|  |TAMS 0x000000008bc00000| PB 0x000000008bc00000| Untracked |  0
|  85|0x000000008bd00000, 0x000000008bd00000, 0x000000008be00000|  0%| F|  |TAMS 0x000000008bd00000| PB 0x000000008bd00000| Untracked |  0
|  86|0x000000008be00000, 0x000000008be00000, 0x000000008bf00000|  0%| F|  |TAMS 0x000000008be00000| PB 0x000000008be00000| Untracked |  0
|  87|0x000000008bf00000, 0x000000008bf00000, 0x000000008c000000|  0%| F|  |TAMS 0x000000008bf00000| PB 0x000000008bf00000| Untracked |  0
|  88|0x000000008c000000, 0x000000008c000000, 0x000000008c100000|  0%| F|  |TAMS 0x000000008c000000| PB 0x000000008c000000| Untracked |  0
|  89|0x000000008c100000, 0x000000008c100000, 0x000000008c200000|  0%| F|  |TAMS 0x000000008c100000| PB 0x000000008c100000| Untracked |  0
|  90|0x000000008c200000, 0x000000008c200000, 0x000000008c300000|  0%| F|  |TAMS 0x000000008c200000| PB 0x000000008c200000| Untracked |  0
|  91|0x000000008c300000, 0x000000008c300000, 0x000000008c400000|  0%| F|  |TAMS 0x000000008c300000| PB 0x000000008c300000| Untracked |  0
|  92|0x000000008c400000, 0x000000008c400000, 0x000000008c500000|  0%| F|  |TAMS 0x000000008c400000| PB 0x000000008c400000| Untracked |  0
|  93|0x000000008c500000, 0x000000008c500000, 0x000000008c600000|  0%| F|  |TAMS 0x000000008c500000| PB 0x000000008c500000| Untracked |  0
|  94|0x000000008c600000, 0x000000008c600000, 0x000000008c700000|  0%| F|  |TAMS 0x000000008c600000| PB 0x000000008c600000| Untracked |  0
|  95|0x000000008c700000, 0x000000008c700000, 0x000000008c800000|  0%| F|  |TAMS 0x000000008c700000| PB 0x000000008c700000| Untracked |  0
|  96|0x000000008c800000, 0x000000008c800000, 0x000000008c900000|  0%| F|  |TAMS 0x000000008c800000| PB 0x000000008c800000| Untracked |  0
|  97|0x000000008c900000, 0x000000008c900000, 0x000000008ca00000|  0%| F|  |TAMS 0x000000008c900000| PB 0x000000008c900000| Untracked |  0
|  98|0x000000008ca00000, 0x000000008ca00000, 0x000000008cb00000|  0%| F|  |TAMS 0x000000008ca00000| PB 0x000000008ca00000| Untracked |  0
|  99|0x000000008cb00000, 0x000000008cb00000, 0x000000008cc00000|  0%| F|  |TAMS 0x000000008cb00000| PB 0x000000008cb00000| Untracked |  0
| 100|0x000000008cc00000, 0x000000008cc00000, 0x000000008cd00000|  0%| F|  |TAMS 0x000000008cc00000| PB 0x000000008cc00000| Untracked |  0
| 101|0x000000008cd00000, 0x000000008cd00000, 0x000000008ce00000|  0%| F|  |TAMS 0x000000008cd00000| PB 0x000000008cd00000| Untracked |  0
| 102|0x000000008ce00000, 0x000000008ce00000, 0x000000008cf00000|  0%| F|  |TAMS 0x000000008ce00000| PB 0x000000008ce00000| Untracked |  0
| 103|0x000000008cf00000, 0x000000008cf00000, 0x000000008d000000|  0%| F|  |TAMS 0x000000008cf00000| PB 0x000000008cf00000| Untracked |  0
| 104|0x000000008d000000, 0x000000008d000000, 0x000000008d100000|  0%| F|  |TAMS 0x000000008d000000| PB 0x000000008d000000| Untracked |  0
| 105|0x000000008d100000, 0x000000008d100000, 0x000000008d200000|  0%| F|  |TAMS 0x000000008d100000| PB 0x000000008d100000| Untracked |  0
| 106|0x000000008d200000, 0x000000008d200000, 0x000000008d300000|  0%| F|  |TAMS 0x000000008d200000| PB 0x000000008d200000| Untracked |  0
| 107|0x000000008d300000, 0x000000008d300000, 0x000000008d400000|  0%| F|  |TAMS 0x000000008d300000| PB 0x000000008d300000| Untracked |  0
| 108|0x000000008d400000, 0x000000008d400000, 0x000000008d500000|  0%| F|  |TAMS 0x000000008d400000| PB 0x000000008d400000| Untracked |  0
| 109|0x000000008d500000, 0x000000008d500000, 0x000000008d600000|  0%| F|  |TAMS 0x000000008d500000| PB 0x000000008d500000| Untracked |  0
| 110|0x000000008d600000, 0x000000008d600000, 0x000000008d700000|  0%| F|  |TAMS 0x000000008d600000| PB 0x000000008d600000| Untracked |  0
| 111|0x000000008d700000, 0x000000008d700000, 0x000000008d800000|  0%| F|  |TAMS 0x000000008d700000| PB 0x000000008d700000| Untracked |  0
| 112|0x000000008d800000, 0x000000008d800000, 0x000000008d900000|  0%| F|  |TAMS 0x000000008d800000| PB 0x000000008d800000| Untracked |  0
| 113|0x000000008d900000, 0x000000008d900000, 0x000000008da00000|  0%| F|  |TAMS 0x000000008d900000| PB 0x000000008d900000| Untracked |  0
| 114|0x000000008da00000, 0x000000008da00000, 0x000000008db00000|  0%| F|  |TAMS 0x000000008da00000| PB 0x000000008da00000| Untracked |  0
| 115|0x000000008db00000, 0x000000008db00000, 0x000000008dc00000|  0%| F|  |TAMS 0x000000008db00000| PB 0x000000008db00000| Untracked |  0
| 116|0x000000008dc00000, 0x000000008dc00000, 0x000000008dd00000|  0%| F|  |TAMS 0x000000008dc00000| PB 0x000000008dc00000| Untracked |  0
| 117|0x000000008dd00000, 0x000000008dd00000, 0x000000008de00000|  0%| F|  |TAMS 0x000000008dd00000| PB 0x000000008dd00000| Untracked |  0
| 118|0x000000008de00000, 0x000000008de00000, 0x000000008df00000|  0%| F|  |TAMS 0x000000008de00000| PB 0x000000008de00000| Untracked |  0
| 119|0x000000008df00000, 0x000000008df47af8, 0x000000008e000000| 28%| E|  |TAMS 0x000000008df00000| PB 0x000000008df00000| Complete |  0
| 120|0x000000008e000000, 0x000000008e100000, 0x000000008e100000|100%| E|CS|TAMS 0x000000008e000000| PB 0x000000008e000000| Complete |  0
| 121|0x000000008e100000, 0x000000008e200000, 0x000000008e200000|100%| E|CS|TAMS 0x000000008e100000| PB 0x000000008e100000| Complete |  0
|1942|0x00000000ffe00000, 0x00000000fff00000, 0x00000000fff00000|100%| O|  |TAMS 0x00000000ffe00000| PB 0x00000000ffe00000| Untracked |  0
|1943|0x00000000fff00000, 0x00000000fff1e6b0, 0x0000000100000000| 11%| O|  |TAMS 0x00000000fff00000| PB 0x00000000fff00000| Untracked |  0

Card table byte_map: [0x00007f479eea8000,0x00007f479f274000] _byte_map_base: 0x00007f479ea74000

Marking Bits: (CMBitMap*) 0x00007f4798081ef0
 Bits: [0x00007f479d048000, 0x00007f479eea8000)

Polling page: 0x00007f47a1595000

Metaspace:

Usage:
  Non-class:    401.81 KB used.
      Class:     25.62 KB used.
       Both:    427.43 KB used.

Virtual space:
  Non-class space:       64.00 MB reserved,     448.00 KB ( <1%) committed,  1 nodes.
      Class space:        1.00 GB reserved,     128.00 KB ( <1%) committed,  1 nodes.
             Both:        1.06 GB reserved,     576.00 KB ( <1%) committed. 

Chunk freelists:
   Non-Class:  11.97 MB
       Class:  15.74 MB
        Both:  27.71 MB

MaxMetaspaceSize: unlimited
CompressedClassSpaceSize: 1.00 GB
Initial GC threshold: 21.00 MB
Current GC threshold: 21.00 MB
CDS: on
 - commit_granule_bytes: 65536.
 - commit_granule_words: 8192.
 - virtual_space_node_default_size: 8388608.
 - enlarge_chunks_in_place: 1.
 - use_allocation_guard: 0.


Internal statistics:

num_allocs_failed_limit: 0.
num_arena_births: 20.
num_arena_deaths: 0.
num_vsnodes_births: 2.
num_vsnodes_deaths: 0.
num_space_committed: 9.
num_space_uncommitted: 0.
num_chunks_returned_to_freelist: 0.
num_chunks_taken_from_freelist: 24.
num_chunk_merges: 0.
num_chunk_splits: 15.
num_chunks_enlarged: 9.
num_inconsistent_stats: 0.

CodeHeap 'non-profiled nmethods': size=120036Kb used=76Kb max_used=76Kb free=119959Kb
 bounds [0x00007f47882c7000, 0x00007f4788537000, 0x00007f478f800000]
CodeHeap 'profiled nmethods': size=120028Kb used=155Kb max_used=155Kb free=119872Kb
 bounds [0x00007f4780800000, 0x00007f4780a70000, 0x00007f4787d37000]
CodeHeap 'non-nmethods': size=5696Kb used=1264Kb max_used=1265Kb free=4431Kb
 bounds [0x00007f4787d37000, 0x00007f4787fa7000, 0x00007f47882c7000]
CodeCache: size=245760Kb, used=1495Kb, max_used=1496Kb, free=244262Kb
 total_blobs=610, nmethods=211, adapters=306, full_count=0
Compilation: enabled, stopped_count=0, restarted_count=0

Compilation events (20 events):
Event: 0.154 Thread 0x00007f479814d7c0  187       3       java.lang.StringLatin1::canEncode (13 bytes)
Event: 0.155 Thread 0x00007f479814d7c0 nmethod 187 0x00007f4780824d88 code [0x00007f4780824ea0, 0x00007f4780824fd8]
Event: 0.155 Thread 0x00007f479814d7c0  202       3       java.lang.StringBuilder::append (8 bytes)
Event: 0.155 Thread 0x00007f479814d7c0 nmethod 202 0x00007f4780825088 code [0x00007f47808251a0, 0x00007f47808252e8]
Event: 0.155 Thread 0x00007f479814d7c0  203       3       java.lang.AbstractStringBuilder::append (45 bytes)
Event: 0.155 Thread 0x00007f479814d7c0 nmethod 203 0x00007f4780825388 code [0x00007f4780825520, 0x00007f4780825a30]
Event: 0.156 Thread 0x00007f479814d7c0  207       3       jdk.internal.org.objectweb.asm.ByteVector::putUTF8 (144 bytes)
Event: 0.157 Thread 0x00007f479814c0b0  204       4       java.lang.String::charAt (25 bytes)
Event: 0.158 Thread 0x00007f479814c0b0 nmethod 204 0x00007f47882d9588 code [0x00007f47882d96a0, 0x00007f47882d97a8]
Event: 0.163 Thread 0x00007f479814d7c0 nmethod 207 0x00007f4780825a88 code [0x00007f4780825c60, 0x00007f4780826570]
Event: 0.163 Thread 0x00007f479814d7c0  206       3       jdk.internal.org.objectweb.asm.SymbolTable::hash (10 bytes)
Event: 0.163 Thread 0x00007f479814d7c0 nmethod 206 0x00007f4780826608 code [0x00007f4780826720, 0x00007f4780826850]
Event: 0.163 Thread 0x00007f479814d7c0  211       3       jdk.internal.org.objectweb.asm.Symbol::<init> (38 bytes)
Event: 0.163 Thread 0x00007f479814d7c0 nmethod 211 0x00007f4780826908 code [0x00007f4780826a20, 0x00007f4780826ca8]
Event: 0.163 Thread 0x00007f479814d7c0  205       1       java.lang.invoke.MethodTypeForm::parameterSlotCount (5 bytes)
Event: 0.163 Thread 0x00007f479814d7c0 nmethod 205 0x00007f47882d9888 code [0x00007f47882d99a0, 0x00007f47882d9a60]
Event: 0.163 Thread 0x00007f479814d7c0  210       1       java.lang.invoke.MethodTypeForm::erasedType (5 bytes)
Event: 0.163 Thread 0x00007f479814d7c0 nmethod 210 0x00007f47882d9b88 code [0x00007f47882d9ca0, 0x00007f47882d9d60]
Event: 0.163 Thread 0x00007f479814d7c0  192       1       jdk.internal.util.WeakReferenceKey::hashCode (5 bytes)
Event: 0.163 Thread 0x00007f479814d7c0 nmethod 192 0x00007f47882d9e88 code [0x00007f47882d9fa0, 0x00007f47882da060]

GC Heap History (0 events):
No events

Dll operation events (8 events):
Event: 0.003 Loaded shared library /home/levizor/.jdks/openjdk-23/lib/libjava.so
Event: 0.037 Loaded shared library /home/levizor/.jdks/openjdk-23/lib/libsimdsort.so
Event: 0.037 Loaded shared library /home/levizor/.jdks/openjdk-23/lib/libjsvml.so
Event: 0.121 Loaded shared library /home/levizor/.jdks/openjdk-23/lib/libzip.so
Event: 0.126 Loaded shared library /home/levizor/.jdks/openjdk-23/lib/libinstrument.so
Event: 0.134 Loaded shared library /home/levizor/.jdks/openjdk-23/lib/libnio.so
Event: 0.143 Loaded shared library /home/levizor/.jdks/openjdk-23/lib/libzip.so
Event: 0.169 Loaded shared library /home/levizor/Projects/JNICheckers/java/lib/checkers/cmake-build-debug/libcheckers.so

Deoptimization events (0 events):
No events

Classes loaded (20 events):
Event: 0.161 Loading class java/lang/reflect/InvocationTargetException
Event: 0.161 Loading class java/lang/reflect/InvocationTargetException done
Event: 0.162 Loading class java/io/Reader
Event: 0.162 Loading class java/io/Reader done
Event: 0.162 Loading class java/io/InputStreamReader
Event: 0.162 Loading class java/io/InputStreamReader done
Event: 0.164 Loading class java/net/Socket
Event: 0.164 Loading class java/net/Socket done
Event: 0.164 Loading class java/lang/invoke/VarHandleInts$FieldInstanceReadWrite
Event: 0.165 Loading class java/lang/invoke/VarHandleInts$FieldInstanceReadOnly
Event: 0.165 Loading class jdk/internal/vm/PostVMInitHook
Event: 0.165 Loading class jdk/internal/vm/PostVMInitHook done
Event: 0.165 Loading class jdk/internal/loader/URLClassPath$FileLoader$1
Event: 0.166 Loading class jdk/internal/loader/URLClassPath$FileLoader$1 done
Event: 0.167 Loading class java/lang/invoke/VarHandleInts$FieldInstanceReadOnly done
Event: 0.167 Loading class java/lang/invoke/VarHandleInts$FieldInstanceReadWrite done
Event: 0.167 Loading class java/net/InetSocketAddress
Event: 0.168 Loading class java/net/SocketAddress
Event: 0.168 Loading class java/net/SocketAddress done
Event: 0.168 Loading class java/net/InetSocketAddress done

Classes unloaded (0 events):
No events

Classes redefined (0 events):
No events

Internal exceptions (1 events):
Event: 0.156 Thread 0x00007f479802bbd0 Exception <a 'java/lang/NoSuchMethodError'{0x000000008e0b74e0}: 'java.lang.Object java.lang.invoke.Invokers$Holder.invokeExact_MT(java.lang.Object, java.lang.Object, java.lang.Object, java.lang.Object, java.lang.Object)'> (0x000000008e0b74e0) 
thrown [open/src/hotspot/share/interpreter/linkResolver.cpp, line 795]

VM Operations (0 events):
No events

Memory protections (11 events):
Event: 0.003 Protecting memory [0x00007f479fc1a000,0x00007f479fc1e000] with protection modes 0
Event: 0.032 Protecting memory [0x00007f479c320000,0x00007f479c324000] with protection modes 0
Event: 0.032 Protecting memory [0x00007f479c220000,0x00007f479c224000] with protection modes 0
Event: 0.033 Protecting memory [0x00007f479c120000,0x00007f479c124000] with protection modes 0
Event: 0.033 Protecting memory [0x00007f479c020000,0x00007f479c024000] with protection modes 0
Event: 0.035 Protecting memory [0x00007f4780700000,0x00007f4780704000] with protection modes 0
Event: 0.035 Protecting memory [0x00007f4780300000,0x00007f4780304000] with protection modes 0
Event: 0.036 Protecting memory [0x00007f4780200000,0x00007f4780204000] with protection modes 0
Event: 0.080 Protecting memory [0x00007f4780030000,0x00007f4780034000] with protection modes 0
Event: 0.164 Protecting memory [0x00007f4771f00000,0x00007f4771f04000] with protection modes 0
Event: 0.165 Protecting memory [0x00007f4771e00000,0x00007f4771e04000] with protection modes 0

Nmethod flushes (0 events):
No events

Events (11 events):
Event: 0.018 Thread 0x00007f479802bbd0 Thread added: 0x00007f479802bbd0
Event: 0.032 Thread 0x00007f479802bbd0 Thread added: 0x00007f4798144c30
Event: 0.032 Thread 0x00007f479802bbd0 Thread added: 0x00007f47981461a0
Event: 0.033 Thread 0x00007f479802bbd0 Thread added: 0x00007f47981479b0
Event: 0.033 Thread 0x00007f479802bbd0 Thread added: 0x00007f4798148ff0
Event: 0.035 Thread 0x00007f479802bbd0 Thread added: 0x00007f479814a590
Event: 0.035 Thread 0x00007f479802bbd0 Thread added: 0x00007f479814c0b0
Event: 0.036 Thread 0x00007f479802bbd0 Thread added: 0x00007f479814d7c0
Event: 0.080 Thread 0x00007f479802bbd0 Thread added: 0x00007f479816e8d0
Event: 0.164 Thread 0x00007f479802bbd0 Thread added: 0x00007f47981eeaa0
Event: 0.165 Thread 0x00007f479802bbd0 Thread added: 0x00007f47981efb20


Dynamic libraries:
86800000-8e200000 rw-p 00000000 00:00 0 
8e200000-ffe00000 ---p 00000000 00:00 0 
ffe00000-fff1f000 rw-p 00dbd000 103:05 1841800                           /home/levizor/.jdks/openjdk-23/lib/server/classes.jsa
fff1f000-100000000 rw-p 00000000 00:00 0 
564acfe57000-564acfe58000 r-xp 00000000 103:05 1841301                   /home/levizor/.jdks/openjdk-23/bin/java
564acfe59000-564acfe5a000 r--p 00001000 103:05 1841301                   /home/levizor/.jdks/openjdk-23/bin/java
564acfe5a000-564acfe5b000 rw-p 00002000 103:05 1841301                   /home/levizor/.jdks/openjdk-23/bin/java
564ae4c94000-564ae4cdb000 rw-p 00000000 00:00 0                          [heap]
7f46e8000000-7f46e8021000 rw-p 00000000 00:00 0 
7f46e8021000-7f46ec000000 ---p 00000000 00:00 0 
7f46f0000000-7f46f0021000 rw-p 00000000 00:00 0 
7f46f0021000-7f46f4000000 ---p 00000000 00:00 0 
7f46f4000000-7f46f4021000 rw-p 00000000 00:00 0 
7f46f4021000-7f46f8000000 ---p 00000000 00:00 0 
7f46f8000000-7f46f808c000 rw-p 00000000 00:00 0 
7f46f808c000-7f46fc000000 ---p 00000000 00:00 0 
7f46fc000000-7f46fc021000 rw-p 00000000 00:00 0 
7f46fc021000-7f4700000000 ---p 00000000 00:00 0 
7f4700000000-7f4700021000 rw-p 00000000 00:00 0 
7f4700021000-7f4704000000 ---p 00000000 00:00 0 
7f4704000000-7f4704176000 rw-p 00000000 00:00 0 
7f4704176000-7f4708000000 ---p 00000000 00:00 0 
7f4708000000-7f4708021000 rw-p 00000000 00:00 0 
7f4708021000-7f470c000000 ---p 00000000 00:00 0 
7f470c000000-7f470c021000 rw-p 00000000 00:00 0 
7f470c021000-7f4710000000 ---p 00000000 00:00 0 
7f4710000000-7f4710021000 rw-p 00000000 00:00 0 
7f4710021000-7f4714000000 ---p 00000000 00:00 0 
7f4714000000-7f4714021000 rw-p 00000000 00:00 0 
7f4714021000-7f4718000000 ---p 00000000 00:00 0 
7f4718000000-7f4718021000 rw-p 00000000 00:00 0 
7f4718021000-7f471c000000 ---p 00000000 00:00 0 
7f471e000000-7f471e060000 rw-p 00000000 00:00 0 
7f471e060000-7f471e400000 ---p 00000000 00:00 0 
7f471e400000-7f471e410000 rw-p 00000000 00:00 0 
7f471e410000-7f4722000000 ---p 00000000 00:00 0 
7f4722000000-7f4722d8e000 rw-p 00001000 103:05 1841800                   /home/levizor/.jdks/openjdk-23/lib/server/classes.jsa
7f4722d8e000-7f4723000000 ---p 00000000 00:00 0 
7f4723000000-7f4723010000 rw-p 00000000 00:00 0 
7f4723010000-7f4723040000 ---p 00000000 00:00 0 
7f4723040000-7f4723050000 rw-p 00000000 00:00 0 
7f4723050000-7f4763000000 ---p 00000000 00:00 0 
7f4764000000-7f4764021000 rw-p 00000000 00:00 0 
7f4764021000-7f4768000000 ---p 00000000 00:00 0 
7f4768000000-7f4768021000 rw-p 00000000 00:00 0 
7f4768021000-7f476c000000 ---p 00000000 00:00 0 
7f476c000000-7f476c021000 rw-p 00000000 00:00 0 
7f476c021000-7f4770000000 ---p 00000000 00:00 0 
7f4771638000-7f477163c000 ---p 00000000 00:00 0 
7f477163c000-7f4771a00000 rw-p 00000000 00:00 0 
7f4771a00000-7f4771aa4000 r--p 00000000 103:03 2140665                   /nix/store/22nxhmsfcv2q2rpkmfvzwg2w5z1l231z-gcc-13.3.0-lib/lib/libstdc++.so.6.0.32
7f4771aa4000-7f4771bc3000 r-xp 000a4000 103:03 2140665                   /nix/store/22nxhmsfcv2q2rpkmfvzwg2w5z1l231z-gcc-13.3.0-lib/lib/libstdc++.so.6.0.32
7f4771bc3000-7f4771c50000 r--p 001c3000 103:03 2140665                   /nix/store/22nxhmsfcv2q2rpkmfvzwg2w5z1l231z-gcc-13.3.0-lib/lib/libstdc++.so.6.0.32
7f4771c50000-7f4771c5d000 r--p 00250000 103:03 2140665                   /nix/store/22nxhmsfcv2q2rpkmfvzwg2w5z1l231z-gcc-13.3.0-lib/lib/libstdc++.so.6.0.32
7f4771c5d000-7f4771c5e000 rw-p 0025d000 103:03 2140665                   /nix/store/22nxhmsfcv2q2rpkmfvzwg2w5z1l231z-gcc-13.3.0-lib/lib/libstdc++.so.6.0.32
7f4771c5e000-7f4771c62000 rw-p 00000000 00:00 0 
7f4771c8a000-7f4771e00000 rw-p 00000000 00:00 0 
7f4771e00000-7f4771e04000 ---p 00000000 00:00 0 
7f4771e04000-7f4771f00000 rw-p 00000000 00:00 0 
7f4771f00000-7f4771f04000 ---p 00000000 00:00 0 
7f4771f04000-7f4774021000 rw-p 00000000 00:00 0 
7f4774021000-7f4778000000 ---p 00000000 00:00 0 
7f4778000000-7f4778021000 rw-p 00000000 00:00 0 
7f4778021000-7f477c000000 ---p 00000000 00:00 0 
7f477c000000-7f477c021000 rw-p 00000000 00:00 0 
7f477c021000-7f4780000000 ---p 00000000 00:00 0 
7f478000b000-7f478000f000 r--p 00000000 103:03 2134935                   /nix/store/q0iz2x35ki1aaqpjagjfi8s7q053cmc5-gcc-13.3.0-libgcc/lib/libgcc_s.so.1
7f478000f000-7f478002a000 r-xp 00004000 103:03 2134935                   /nix/store/q0iz2x35ki1aaqpjagjfi8s7q053cmc5-gcc-13.3.0-libgcc/lib/libgcc_s.so.1
7f478002a000-7f478002e000 r--p 0001f000 103:03 2134935                   /nix/store/q0iz2x35ki1aaqpjagjfi8s7q053cmc5-gcc-13.3.0-libgcc/lib/libgcc_s.so.1
7f478002e000-7f478002f000 r--p 00022000 103:03 2134935                   /nix/store/q0iz2x35ki1aaqpjagjfi8s7q053cmc5-gcc-13.3.0-libgcc/lib/libgcc_s.so.1
7f478002f000-7f4780030000 rw-p 00023000 103:03 2134935                   /nix/store/q0iz2x35ki1aaqpjagjfi8s7q053cmc5-gcc-13.3.0-libgcc/lib/libgcc_s.so.1
7f4780030000-7f4780034000 ---p 00000000 00:00 0 
7f4780034000-7f4780130000 rw-p 00000000 00:00 0 
7f4780130000-7f47801fe000 r-xp 00000000 103:05 1841774                   /home/levizor/.jdks/openjdk-23/lib/libjsvml.so
7f47801fe000-7f47801ff000 r--p 000cd000 103:05 1841774                   /home/levizor/.jdks/openjdk-23/lib/libjsvml.so
7f47801ff000-7f4780200000 rw-p 000ce000 103:05 1841774                   /home/levizor/.jdks/openjdk-23/lib/libjsvml.so
7f4780200000-7f4780204000 ---p 00000000 00:00 0 
7f4780204000-7f4780300000 rw-p 00000000 00:00 0 
7f4780300000-7f4780304000 ---p 00000000 00:00 0 
7f4780304000-7f4780400000 rw-p 00000000 00:00 0 
7f4780400000-7f47806ec000 r--p 00000000 103:03 2277878                   /nix/store/d6myxy49v33ir221631mrcj9iz7myzmc-glibc-locales-2.39-52/lib/locale/locale-archive
7f4780700000-7f4780704000 ---p 00000000 00:00 0 
7f4780704000-7f4780800000 rw-p 00000000 00:00 0 
7f4780800000-7f4780a70000 rwxp 00000000 00:00 0 
7f4780a70000-7f4787d37000 ---p 00000000 00:00 0 
7f4787d37000-7f4787fa7000 rwxp 00000000 00:00 0 
7f4787fa7000-7f47882c7000 ---p 00000000 00:00 0 
7f47882c7000-7f4788537000 rwxp 00000000 00:00 0 
7f4788537000-7f478f800000 ---p 00000000 00:00 0 
7f478f800000-7f4797fa3000 r--s 00000000 103:05 1841791                   /home/levizor/.jdks/openjdk-23/lib/modules
7f4797fbf000-7f4797ffd000 r-xp 00000000 103:05 1841786                   /home/levizor/.jdks/openjdk-23/lib/libsimdsort.so
7f4797ffd000-7f4797ffe000 ---p 0003e000 103:05 1841786                   /home/levizor/.jdks/openjdk-23/lib/libsimdsort.so
7f4797ffe000-7f4797fff000 r--p 0003e000 103:05 1841786                   /home/levizor/.jdks/openjdk-23/lib/libsimdsort.so
7f4797fff000-7f4798000000 rw-p 0003f000 103:05 1841786                   /home/levizor/.jdks/openjdk-23/lib/libsimdsort.so
7f4798000000-7f4798240000 rw-p 00000000 00:00 0 
7f4798240000-7f479c000000 ---p 00000000 00:00 0 
7f479c00a000-7f479c01d000 r-xp 00000000 103:05 1841781                   /home/levizor/.jdks/openjdk-23/lib/libnio.so
7f479c01d000-7f479c01e000 ---p 00013000 103:05 1841781                   /home/levizor/.jdks/openjdk-23/lib/libnio.so
7f479c01e000-7f479c01f000 r--p 00013000 103:05 1841781                   /home/levizor/.jdks/openjdk-23/lib/libnio.so
7f479c01f000-7f479c020000 rw-p 00014000 103:05 1841781                   /home/levizor/.jdks/openjdk-23/lib/libnio.so
7f479c020000-7f479c024000 ---p 00000000 00:00 0 
7f479c024000-7f479c120000 rw-p 00000000 00:00 0 
7f479c120000-7f479c124000 ---p 00000000 00:00 0 
7f479c124000-7f479c220000 rw-p 00000000 00:00 0 
7f479c220000-7f479c224000 ---p 00000000 00:00 0 
7f479c224000-7f479c320000 rw-p 00000000 00:00 0 
7f479c320000-7f479c324000 ---p 00000000 00:00 0 
7f479c324000-7f479c420000 rw-p 00000000 00:00 0 
7f479c420000-7f479c421000 ---p 00000000 00:00 0 
7f479c421000-7f479c521000 rw-p 00000000 00:00 0 
7f479c521000-7f479c522000 ---p 00000000 00:00 0 
7f479c522000-7f479c73f000 rw-p 00000000 00:00 0 
7f479c73f000-7f479c740000 ---p 00000000 00:00 0 
7f479c740000-7f479c840000 rw-p 00000000 00:00 0 
7f479c840000-7f479c841000 ---p 00000000 00:00 0 
7f479c841000-7f479cd45000 rw-p 00000000 00:00 0 
7f479cd45000-7f479cd46000 ---p 00000000 00:00 0 
7f479cd46000-7f479ce46000 rw-p 00000000 00:00 0 
7f479ce46000-7f479ce47000 ---p 00000000 00:00 0 
7f479ce47000-7f479cf47000 rw-p 00000000 00:00 0 
7f479cf47000-7f479cf48000 ---p 00000000 00:00 0 
7f479cf48000-7f479d230000 rw-p 00000000 00:00 0 
7f479d230000-7f479eea0000 ---p 00000000 00:00 0 
7f479eea0000-7f479eea4000 rw-p 00000000 00:00 0 
7f479eea4000-7f479eee5000 rw-p 00000000 00:00 0 
7f479eee5000-7f479f273000 ---p 00000000 00:00 0 
7f479f273000-7f479f2b1000 rw-p 00000000 00:00 0 
7f479f2b1000-7f479f63f000 ---p 00000000 00:00 0 
7f479f63f000-7f479fa49000 rw-p 00000000 00:00 0 
7f479fa49000-7f479fb2f000 ---p 00000000 00:00 0 
7f479fb2f000-7f479fb34000 rw-p 00000000 00:00 0 
7f479fb34000-7f479fc1a000 ---p 00000000 00:00 0 
7f479fc1a000-7f479fc1e000 ---p 00000000 00:00 0 
7f479fc1e000-7f479fd1a000 rw-p 00000000 00:00 0 
7f479fd1a000-7f479fd2a000 r--p 00000000 103:03 2140530                   /nix/store/3dyw8dzj9ab4m8hv5dpyx7zii8d0w6fi-glibc-2.39-52/lib/libm.so.6
7f479fd2a000-7f479fda4000 r-xp 00010000 103:03 2140530                   /nix/store/3dyw8dzj9ab4m8hv5dpyx7zii8d0w6fi-glibc-2.39-52/lib/libm.so.6
7f479fda4000-7f479fdfe000 r--p 0008a000 103:03 2140530                   /nix/store/3dyw8dzj9ab4m8hv5dpyx7zii8d0w6fi-glibc-2.39-52/lib/libm.so.6
7f479fdfe000-7f479fdff000 r--p 000e3000 103:03 2140530                   /nix/store/3dyw8dzj9ab4m8hv5dpyx7zii8d0w6fi-glibc-2.39-52/lib/libm.so.6
7f479fdff000-7f479fe00000 rw-p 000e4000 103:03 2140530                   /nix/store/3dyw8dzj9ab4m8hv5dpyx7zii8d0w6fi-glibc-2.39-52/lib/libm.so.6
7f479fe00000-7f47a112f000 r-xp 00000000 103:05 1841803                   /home/levizor/.jdks/openjdk-23/lib/server/libjvm.so
7f47a112f000-7f47a1130000 ---p 0132f000 103:05 1841803                   /home/levizor/.jdks/openjdk-23/lib/server/libjvm.so
7f47a1130000-7f47a1200000 r--p 0132f000 103:05 1841803                   /home/levizor/.jdks/openjdk-23/lib/server/libjvm.so
7f47a1200000-7f47a122e000 rw-p 013ff000 103:05 1841803                   /home/levizor/.jdks/openjdk-23/lib/server/libjvm.so
7f47a122e000-7f47a12a4000 rw-p 00000000 00:00 0 
7f47a12aa000-7f47a12b5000 r-xp 00000000 103:05 1841780                   /home/levizor/.jdks/openjdk-23/lib/libnet.so
7f47a12b5000-7f47a12b6000 ---p 0000b000 103:05 1841780                   /home/levizor/.jdks/openjdk-23/lib/libnet.so
7f47a12b6000-7f47a12b7000 r--p 0000b000 103:05 1841780                   /home/levizor/.jdks/openjdk-23/lib/libnet.so
7f47a12b7000-7f47a12b8000 rw-p 0000c000 103:05 1841780                   /home/levizor/.jdks/openjdk-23/lib/libnet.so
7f47a12b8000-7f47a12bf000 r-xp 00000000 103:05 1841790                   /home/levizor/.jdks/openjdk-23/lib/libzip.so
7f47a12bf000-7f47a12c0000 ---p 00007000 103:05 1841790                   /home/levizor/.jdks/openjdk-23/lib/libzip.so
7f47a12c0000-7f47a12c1000 r--p 00007000 103:05 1841790                   /home/levizor/.jdks/openjdk-23/lib/libzip.so
7f47a12c1000-7f47a12c2000 rw-p 00008000 103:05 1841790                   /home/levizor/.jdks/openjdk-23/lib/libzip.so
7f47a12c2000-7f47a1308000 rw-p 00000000 00:00 0 
7f47a1308000-7f47a130f000 ---p 00000000 00:00 0 
7f47a130f000-7f47a1317000 rw-s 00000000 103:03 1448708                   /tmp/hsperfdata_levizor/60005
7f47a1317000-7f47a1336000 r-xp 00000000 103:05 1841766                   /home/levizor/.jdks/openjdk-23/lib/libjava.so
7f47a1336000-7f47a1337000 ---p 0001f000 103:05 1841766                   /home/levizor/.jdks/openjdk-23/lib/libjava.so
7f47a1337000-7f47a1338000 r--p 0001f000 103:05 1841766                   /home/levizor/.jdks/openjdk-23/lib/libjava.so
7f47a1338000-7f47a1339000 rw-p 00020000 103:05 1841766                   /home/levizor/.jdks/openjdk-23/lib/libjava.so
7f47a1339000-7f47a133a000 rw-p 00000000 00:00 0 
7f47a133a000-7f47a1344000 r-xp 00000000 103:05 1841761                   /home/levizor/.jdks/openjdk-23/lib/libinstrument.so
7f47a1344000-7f47a1345000 r--p 00009000 103:05 1841761                   /home/levizor/.jdks/openjdk-23/lib/libinstrument.so
7f47a1345000-7f47a1346000 rw-p 0000a000 103:05 1841761                   /home/levizor/.jdks/openjdk-23/lib/libinstrument.so
7f47a1346000-7f47a1364000 r-xp 00000000 103:05 1841770                   /home/levizor/.jdks/openjdk-23/lib/libjimage.so
7f47a1364000-7f47a1366000 r--p 0001d000 103:05 1841770                   /home/levizor/.jdks/openjdk-23/lib/libjimage.so
7f47a1366000-7f47a1367000 rw-p 0001f000 103:05 1841770                   /home/levizor/.jdks/openjdk-23/lib/libjimage.so
7f47a1367000-7f47a1368000 r--p 00000000 103:03 2140546                   /nix/store/3dyw8dzj9ab4m8hv5dpyx7zii8d0w6fi-glibc-2.39-52/lib/librt.so.1
7f47a1368000-7f47a1369000 r-xp 00001000 103:03 2140546                   /nix/store/3dyw8dzj9ab4m8hv5dpyx7zii8d0w6fi-glibc-2.39-52/lib/librt.so.1
7f47a1369000-7f47a136a000 r--p 00002000 103:03 2140546                   /nix/store/3dyw8dzj9ab4m8hv5dpyx7zii8d0w6fi-glibc-2.39-52/lib/librt.so.1
7f47a136a000-7f47a136b000 r--p 00002000 103:03 2140546                   /nix/store/3dyw8dzj9ab4m8hv5dpyx7zii8d0w6fi-glibc-2.39-52/lib/librt.so.1
7f47a136b000-7f47a136c000 rw-p 00003000 103:03 2140546                   /nix/store/3dyw8dzj9ab4m8hv5dpyx7zii8d0w6fi-glibc-2.39-52/lib/librt.so.1
7f47a136c000-7f47a1370000 rw-p 00000000 00:00 0 
7f47a1370000-7f47a1398000 r--p 00000000 103:03 2140523                   /nix/store/3dyw8dzj9ab4m8hv5dpyx7zii8d0w6fi-glibc-2.39-52/lib/libc.so.6
7f47a1398000-7f47a14fe000 r-xp 00028000 103:03 2140523                   /nix/store/3dyw8dzj9ab4m8hv5dpyx7zii8d0w6fi-glibc-2.39-52/lib/libc.so.6
7f47a14fe000-7f47a1554000 r--p 0018e000 103:03 2140523                   /nix/store/3dyw8dzj9ab4m8hv5dpyx7zii8d0w6fi-glibc-2.39-52/lib/libc.so.6
7f47a1554000-7f47a1558000 r--p 001e3000 103:03 2140523                   /nix/store/3dyw8dzj9ab4m8hv5dpyx7zii8d0w6fi-glibc-2.39-52/lib/libc.so.6
7f47a1558000-7f47a155a000 rw-p 001e7000 103:03 2140523                   /nix/store/3dyw8dzj9ab4m8hv5dpyx7zii8d0w6fi-glibc-2.39-52/lib/libc.so.6
7f47a155a000-7f47a1567000 rw-p 00000000 00:00 0 
7f47a1567000-7f47a1568000 r--p 00000000 103:03 2140542                   /nix/store/3dyw8dzj9ab4m8hv5dpyx7zii8d0w6fi-glibc-2.39-52/lib/libpthread.so.0
7f47a1568000-7f47a1569000 r-xp 00001000 103:03 2140542                   /nix/store/3dyw8dzj9ab4m8hv5dpyx7zii8d0w6fi-glibc-2.39-52/lib/libpthread.so.0
7f47a1569000-7f47a156a000 r--p 00002000 103:03 2140542                   /nix/store/3dyw8dzj9ab4m8hv5dpyx7zii8d0w6fi-glibc-2.39-52/lib/libpthread.so.0
7f47a156a000-7f47a156b000 r--p 00002000 103:03 2140542                   /nix/store/3dyw8dzj9ab4m8hv5dpyx7zii8d0w6fi-glibc-2.39-52/lib/libpthread.so.0
7f47a156b000-7f47a156c000 rw-p 00003000 103:03 2140542                   /nix/store/3dyw8dzj9ab4m8hv5dpyx7zii8d0w6fi-glibc-2.39-52/lib/libpthread.so.0
7f47a156c000-7f47a156d000 r--p 00000000 103:03 2140528                   /nix/store/3dyw8dzj9ab4m8hv5dpyx7zii8d0w6fi-glibc-2.39-52/lib/libdl.so.2
7f47a156d000-7f47a156e000 r-xp 00001000 103:03 2140528                   /nix/store/3dyw8dzj9ab4m8hv5dpyx7zii8d0w6fi-glibc-2.39-52/lib/libdl.so.2
7f47a156e000-7f47a156f000 r--p 00002000 103:03 2140528                   /nix/store/3dyw8dzj9ab4m8hv5dpyx7zii8d0w6fi-glibc-2.39-52/lib/libdl.so.2
7f47a156f000-7f47a1570000 r--p 00002000 103:03 2140528                   /nix/store/3dyw8dzj9ab4m8hv5dpyx7zii8d0w6fi-glibc-2.39-52/lib/libdl.so.2
7f47a1570000-7f47a1571000 rw-p 00003000 103:03 2140528                   /nix/store/3dyw8dzj9ab4m8hv5dpyx7zii8d0w6fi-glibc-2.39-52/lib/libdl.so.2
7f47a1571000-7f47a1574000 r--p 00000000 103:03 2140630                   /nix/store/rqs1zrcncqz3966khjndg1183cpdnqxs-zlib-1.3.1/lib/libz.so.1.3.1
7f47a1574000-7f47a1586000 r-xp 00003000 103:03 2140630                   /nix/store/rqs1zrcncqz3966khjndg1183cpdnqxs-zlib-1.3.1/lib/libz.so.1.3.1
7f47a1586000-7f47a158d000 r--p 00015000 103:03 2140630                   /nix/store/rqs1zrcncqz3966khjndg1183cpdnqxs-zlib-1.3.1/lib/libz.so.1.3.1
7f47a158d000-7f47a158e000 r--p 0001b000 103:03 2140630                   /nix/store/rqs1zrcncqz3966khjndg1183cpdnqxs-zlib-1.3.1/lib/libz.so.1.3.1
7f47a158e000-7f47a158f000 rw-p 0001c000 103:03 2140630                   /nix/store/rqs1zrcncqz3966khjndg1183cpdnqxs-zlib-1.3.1/lib/libz.so.1.3.1
7f47a1590000-7f47a1591000 r--p 00000000 103:05 2370450                   /home/levizor/Projects/JNICheckers/java/lib/checkers/cmake-build-debug/libcheckers.so
7f47a1591000-7f47a1592000 r-xp 00001000 103:05 2370450                   /home/levizor/Projects/JNICheckers/java/lib/checkers/cmake-build-debug/libcheckers.so
7f47a1592000-7f47a1593000 r--p 00002000 103:05 2370450                   /home/levizor/Projects/JNICheckers/java/lib/checkers/cmake-build-debug/libcheckers.so
7f47a1593000-7f47a1594000 r--p 00002000 103:05 2370450                   /home/levizor/Projects/JNICheckers/java/lib/checkers/cmake-build-debug/libcheckers.so
7f47a1594000-7f47a1595000 rw-p 00003000 103:05 2370450                   /home/levizor/Projects/JNICheckers/java/lib/checkers/cmake-build-debug/libcheckers.so
7f47a1595000-7f47a1596000 ---p 00000000 00:00 0 
7f47a1596000-7f47a1597000 r--p 00000000 00:00 0 
7f47a1597000-7f47a1598000 ---p 00000000 00:00 0 
7f47a1598000-7f47a15a7000 r-xp 00000000 103:05 1841771                   /home/levizor/.jdks/openjdk-23/lib/libjli.so
7f47a15a7000-7f47a15a8000 r--p 0000e000 103:05 1841771                   /home/levizor/.jdks/openjdk-23/lib/libjli.so
7f47a15a8000-7f47a15a9000 rw-p 0000f000 103:05 1841771                   /home/levizor/.jdks/openjdk-23/lib/libjli.so
7f47a15a9000-7f47a15ab000 rw-p 00000000 00:00 0 
7f47a15ab000-7f47a15ac000 r--p 00000000 103:03 2140517                   /nix/store/3dyw8dzj9ab4m8hv5dpyx7zii8d0w6fi-glibc-2.39-52/lib/ld-linux-x86-64.so.2
7f47a15ac000-7f47a15d4000 r-xp 00001000 103:03 2140517                   /nix/store/3dyw8dzj9ab4m8hv5dpyx7zii8d0w6fi-glibc-2.39-52/lib/ld-linux-x86-64.so.2
7f47a15d4000-7f47a15df000 r--p 00029000 103:03 2140517                   /nix/store/3dyw8dzj9ab4m8hv5dpyx7zii8d0w6fi-glibc-2.39-52/lib/ld-linux-x86-64.so.2
7f47a15df000-7f47a15e1000 r--p 00034000 103:03 2140517                   /nix/store/3dyw8dzj9ab4m8hv5dpyx7zii8d0w6fi-glibc-2.39-52/lib/ld-linux-x86-64.so.2
7f47a15e1000-7f47a15e3000 rw-p 00036000 103:03 2140517                   /nix/store/3dyw8dzj9ab4m8hv5dpyx7zii8d0w6fi-glibc-2.39-52/lib/ld-linux-x86-64.so.2
7ffcb48a7000-7ffcb48ca000 rw-p 00000000 00:00 0                          [stack]
7ffcb4973000-7ffcb4977000 r--p 00000000 00:00 0                          [vvar]
7ffcb4977000-7ffcb4979000 r-xp 00000000 00:00 0                          [vdso]
ffffffffff600000-ffffffffff601000 --xp 00000000 00:00 0                  [vsyscall]
Total number of mappings: 214


VM Arguments:
jvm_args: -Djava.library.path=lib/checkers/cmake-build-debug -javaagent:/home/levizor/.local/share/JetBrains/Toolbox/apps/intellij-idea-ultimate/lib/idea_rt.jar=39769:/home/levizor/.local/share/JetBrains/Toolbox/apps/intellij-idea-ultimate/bin -Dfile.encoding=UTF-8 -Dsun.stdout.encoding=UTF-8 -Dsun.stderr.encoding=UTF-8 
java_command: main.Main
java_class_path (initial): /home/levizor/Projects/JNICheckers/java/out/production/java
Launcher Type: SUN_STANDARD

[Global flags]
     intx CICompilerCount                          = 3                                         {product} {ergonomic}
     uint ConcGCThreads                            = 1                                         {product} {ergonomic}
     uint G1ConcRefinementThreads                  = 4                                         {product} {ergonomic}
   size_t G1HeapRegionSize                         = 1048576                                   {product} {ergonomic}
   size_t InitialHeapSize                          = 127926272                                 {product} {ergonomic}
   size_t MarkStackSize                            = 4194304                                   {product} {ergonomic}
   size_t MarkStackSizeMax                         = 536870912                                 {product} {ergonomic}
   size_t MaxHeapSize                              = 2038431744                                {product} {ergonomic}
   size_t MaxNewSize                               = 1222639616                                {product} {ergonomic}
   size_t MinHeapDeltaBytes                        = 1048576                                   {product} {ergonomic}
   size_t MinHeapSize                              = 8388608                                   {product} {ergonomic}
    uintx NonNMethodCodeHeapSize                   = 5832704                                {pd product} {ergonomic}
    uintx NonProfiledCodeHeapSize                  = 122916864                              {pd product} {ergonomic}
    uintx ProfiledCodeHeapSize                     = 122908672                              {pd product} {ergonomic}
    uintx ReservedCodeCacheSize                    = 251658240                              {pd product} {ergonomic}
     bool SegmentedCodeCache                       = true                                      {product} {ergonomic}
   size_t SoftMaxHeapSize                          = 2038431744                             {manageable} {ergonomic}
     bool UseCompressedOops                        = true                           {product lp64_product} {ergonomic}
     bool UseG1GC                                  = true                                      {product} {ergonomic}

Logging:
Log output configuration:
 #0: stdout all=warning uptime,level,tags foldmultilines=false
 #1: stderr all=off uptime,level,tags foldmultilines=false

Environment Variables:
PATH=/nix/store/izpf49b74i15pcr9708s3xdwyqs4jxwl-bash-5.2p32/bin:/nix/store/81xsp348yfgmaan9r5055mcdjfw7a8wc-binutils-2.42/bin:/nix/store/0kg70swgpg45ipcz3pr2siidq9fn6d77-coreutils-9.5/bin:/nix/store/9hifsxkcrkvvb712ghnr3gy5g1aiym2d-gawk-5.2.2/bin:/nix/store/h7ymm02c66hp38aswdjgl3fj8m5ggidg-libarchive-3.7.4/bin:/nix/store/6bh5dq2vx9pxhv2w3r73mvs69mixkqs0-pv-1.8.12/bin:/nix/store/b2isvglv0lbr5v7vyvpif9hylhbdbqv5-squashfs-4.6.1/bin:/run/wrappers/bin:/usr/bin:/usr/sbin:/run/wrappers/bin:/home/levizor/.nix-profile/bin:/nix/profile/bin:/home/levizor/.local/state/nix/profile/bin:/etc/profiles/per-user/levizor/bin:/nix/var/nix/profiles/default/bin:/run/current-system/sw/bin:/nix/store/b74nxf0yn2dzha02mgdxyklaqjaijzqp-binutils-wrapper-2.42/bin:/nix/store/9j787nklwc2zzzczkkbb6v8zxgg8hf2i-pciutils-3.13.0/bin:/nix/store/059q5mjhwq6bkbx4k91p5sg20ds3ji3r-pkgconf-wrapper-2.3.0/bin
LD_LIBRARY_PATH=/run/opengl-driver/lib:/run/opengl-driver-32/lib:/nix/store/80pnfsbljcznzz90jlqi52mk4sfspd08-icu4c-74.2/lib
SHELL=/run/current-system/sw/bin/zsh
DISPLAY=:0
LANG=en_US.UTF-8
TERM=

Active Locale:
LC_ALL=en_US.UTF-8
LC_COLLATE=en_US.UTF-8
LC_CTYPE=en_US.UTF-8
LC_MESSAGES=en_US.UTF-8
LC_MONETARY=en_US.UTF-8
LC_NUMERIC=en_US.UTF-8
LC_TIME=en_US.UTF-8

Signal Handlers:
   SIGSEGV: crash_handler in libjvm.so, mask=11100100010111111101111111111110, flags=SA_RESTART|SA_SIGINFO, unblocked
    SIGBUS: crash_handler in libjvm.so, mask=11100100010111111101111111111110, flags=SA_RESTART|SA_SIGINFO, unblocked
    SIGFPE: crash_handler in libjvm.so, mask=11100100010111111101111111111110, flags=SA_RESTART|SA_SIGINFO, unblocked
   SIGPIPE: javaSignalHandler in libjvm.so, mask=11100100010111111101111111111110, flags=SA_RESTART|SA_SIGINFO, blocked
   SIGXFSZ: javaSignalHandler in libjvm.so, mask=11100100010111111101111111111110, flags=SA_RESTART|SA_SIGINFO, blocked
    SIGILL: crash_handler in libjvm.so, mask=11100100010111111101111111111110, flags=SA_RESTART|SA_SIGINFO, unblocked
   SIGUSR2: SR_handler in libjvm.so, mask=00000000000000000000000000000000, flags=SA_RESTART|SA_SIGINFO, blocked
    SIGHUP: UserHandler in libjvm.so, mask=11100100010111111101111111111110, flags=SA_RESTART|SA_SIGINFO, blocked
    SIGINT: UserHandler in libjvm.so, mask=11100100010111111101111111111110, flags=SA_RESTART|SA_SIGINFO, blocked
   SIGTERM: UserHandler in libjvm.so, mask=11100100010111111101111111111110, flags=SA_RESTART|SA_SIGINFO, blocked
   SIGQUIT: UserHandler in libjvm.so, mask=11100100010111111101111111111110, flags=SA_RESTART|SA_SIGINFO, blocked
   SIGTRAP: crash_handler in libjvm.so, mask=11100100010111111101111111111110, flags=SA_RESTART|SA_SIGINFO, unblocked


Periodic native trim disabled

---------------  S Y S T E M  ---------------

OS:
ANSI_COLOR="1;34"
BUG_REPORT_URL="https://github.com/NixOS/nixpkgs/issues"
BUILD_ID="24.11.20241009.5633bcf"
DOCUMENTATION_URL="https://nixos.org/learn.html"
HOME_URL="https://nixos.org/"
ID=nixos
IMAGE_ID=""
IMAGE_VERSION=""
LOGO="nix-snowflake"
NAME=NixOS
PRETTY_NAME="NixOS 24.11 (Vicuna)"
SUPPORT_URL="https://nixos.org/community.html"
VERSION="24.11 (Vicuna)"
VERSION_CODENAME=vicuna
VERSION_ID="24.11"
uname: Linux 6.6.54 #1-NixOS SMP PREEMPT_DYNAMIC Fri Oct  4 14:30:05 UTC 2024 x86_64
OS uptime: 0 days 3:14 hours
libc: glibc 2.39 NPTL 2.39 
rlimit (soft/hard): STACK 8192k/infinity , CORE infinity/infinity , NPROC 30951/30951 , NOFILE 524288/524288 , AS infinity/infinity , CPU infinity/infinity , DATA infinity/infinity , FSIZE infinity/infinity , MEMLOCK 8192k/8192k
load average: 1.47 1.90 2.44

/proc/meminfo:
MemTotal:        7955664 kB
MemFree:          337036 kB
MemAvailable:    1285428 kB
Buffers:           31404 kB
Cached:          2038824 kB
SwapCached:       578372 kB
Active:          4106768 kB
Inactive:        2342756 kB
Active(anon):    3258840 kB
Inactive(anon):  2080280 kB
Active(file):     847928 kB
Inactive(file):   262476 kB
Unevictable:      654172 kB
Mlocked:             136 kB
SwapTotal:       8388604 kB
SwapFree:        4004092 kB
Zswap:                 0 kB
Zswapped:              0 kB
Dirty:              8776 kB
Writeback:             4 kB
AnonPages:       4980328 kB
Mapped:           786408 kB
Shmem:            959988 kB
KReclaimable:     121588 kB
Slab:             240568 kB
SReclaimable:     121588 kB
SUnreclaim:       118980 kB
KernelStack:       18948 kB
PageTables:        64472 kB
SecPageTables:         0 kB
NFS_Unstable:          0 kB
Bounce:                0 kB
WritebackTmp:          0 kB
CommitLimit:    12366436 kB
Committed_AS:   19569372 kB
VmallocTotal:   34359738367 kB
VmallocUsed:      138804 kB
VmallocChunk:          0 kB
Percpu:             2304 kB
HardwareCorrupted:     0 kB
AnonHugePages:         0 kB
ShmemHugePages:        0 kB
ShmemPmdMapped:        0 kB
FileHugePages:         0 kB
FilePmdMapped:         0 kB
CmaTotal:              0 kB
CmaFree:               0 kB
Unaccepted:            0 kB
HugePages_Total:       0
HugePages_Free:        0
HugePages_Rsvd:        0
HugePages_Surp:        0
Hugepagesize:       2048 kB
Hugetlb:               0 kB
DirectMap4k:      390524 kB
DirectMap2M:     7817216 kB
DirectMap1G:     1048576 kB

/sys/kernel/mm/transparent_hugepage/enabled: always [madvise] never
/sys/kernel/mm/transparent_hugepage/hpage_pmd_size: 2097152
/sys/kernel/mm/transparent_hugepage/shmem_enabled: always within_size advise [never] deny force
/sys/kernel/mm/transparent_hugepage/defrag (defrag/compaction efforts parameter): always defer defer+madvise [madvise] never

Process Memory:
Virtual Size: 4890280K (peak: 4955816K)
Resident Set Size: 50680K (peak: 50680K) (anon: 25216K, file: 25464K, shmem: 0K)
Swapped out: 0K
C-Heap outstanding allocations: 17856K, retained: 2627K
glibc malloc tunables: (default)

/proc/sys/kernel/threads-max (system-wide limit on the number of threads): 61902
/proc/sys/vm/max_map_count (maximum number of memory map areas a process may have): 1048576
/proc/sys/vm/swappiness (control to define how aggressively the kernel swaps out anonymous memory): 60
/proc/sys/kernel/pid_max (system-wide limit on number of process identifiers): 4194304

container (cgroup) information:
container_type: cgroupv2
cpu_cpuset_cpus: not supported
cpu_memory_nodes: not supported
active_processor_count: 4
cpu_quota: no quota
cpu_period: 100000
cpu_shares: no shares
memory_limit_in_bytes: unlimited
memory_and_swap_limit_in_bytes: unlimited
memory_soft_limit_in_bytes: 0
memory_usage_in_bytes: 6978908 k
memory_max_usage_in_bytes: not supported
rss_usage_in_bytes: 4900304 k
cache_usage_in_bytes: 1873704 k
memory_swap_current_in_bytes: 3985336 k
memory_swap_max_limit_in_bytes: unlimited
maximum number of tasks: unlimited
current number of tasks: 931

Steal ticks since vm start: 0
Steal ticks percentage since vm start:  0.000

CPU: total 4 (initial active 4) (2 cores per cpu, 2 threads per core) family 6 model 142 stepping 12 microcode 0xfc, cx8, cmov, fxsr, ht, mmx, 3dnowpref, sse, sse2, sse3, ssse3, sse4.1, sse4.2, popcnt, lzcnt, tsc, tscinvbit, avx, avx2, aes, erms, clmul, bmi1, bmi2, adx, fma, vzeroupper, clflush, clflushopt, rdtscp, f16c
CPU Model and flags from /proc/cpuinfo:
model name	: Intel(R) Core(TM) i3-10110U CPU @ 2.10GHz
flags		: fpu vme de pse tsc msr pae mce cx8 apic sep mtrr pge mca cmov pat pse36 clflush dts acpi mmx fxsr sse sse2 ss ht tm pbe syscall nx pdpe1gb rdtscp lm constant_tsc art arch_perfmon pebs bts rep_good nopl xtopology nonstop_tsc cpuid aperfmperf pni pclmulqdq dtes64 monitor ds_cpl vmx est tm2 ssse3 sdbg fma cx16 xtpr pdcm pcid sse4_1 sse4_2 x2apic movbe popcnt tsc_deadline_timer aes xsave avx f16c rdrand lahf_lm abm 3dnowprefetch cpuid_fault epb ssbd ibrs ibpb stibp ibrs_enhanced tpr_shadow flexpriority ept vpid ept_ad fsgsbase tsc_adjust bmi1 avx2 smep bmi2 erms invpcid mpx rdseed adx smap clflushopt intel_pt xsaveopt xsavec xgetbv1 xsaves dtherm ida arat pln pts hwp hwp_act_window hwp_epp vnmi md_clear flush_l1d arch_capabilities

Online cpus: 0-3
Offline cpus: 
BIOS frequency limitation: <Not Available>
Frequency switch latency (ns): 0
Available cpu frequencies: <Not Available>
Current governor: powersave
Core performance/turbo boost: <Not Available>

Memory: 4k page, physical 7955664k(1285176k free), swap 8388604k(4004092k free)
Page Sizes: 4k

vm_info: OpenJDK 64-Bit Server VM (23+37-2369) for linux-amd64 JRE (23+37-2369), built on 2024-08-20T16:01:23Z with gcc 13.2.0

END.
